\BOOKMARK [1][-]{section.1}{\376\377\000F\000\366\000r\000k\000u\000n\000s\000k\000a\000p\000e\000r\000\040\000\050\000t\000r\000\344\000n\000a\000\040\000d\000e\000t\000t\000a\000\040\000s\000\345\000\040\000a\000t\000t\000\040\000d\000e\000t\000\040\000s\000i\000t\000t\000e\000r\000!\000\051}{}% 1
\BOOKMARK [2][-]{subsection.1.1}{\376\377\000N\000e\000g\000a\000t\000i\000v\000a\000\040\000t\000a\000l}{section.1}% 2
\BOOKMARK [2][-]{subsection.1.2}{\376\377\000P\000r\000i\000o\000r\000i\000t\000e\000r\000i\000n\000g\000s\000r\000e\000g\000l\000e\000r}{section.1}% 3
\BOOKMARK [2][-]{subsection.1.3}{\376\377\000B\000r\000\345\000k}{section.1}% 4
\BOOKMARK [3][-]{subsubsection.1.3.1}{\376\377\000A\000d\000d\000i\000t\000i\000o\000n\000\040\000a\000v\000\040\000b\000r\000\345\000k}{subsection.1.3}% 5
\BOOKMARK [3][-]{subsubsection.1.3.2}{\376\377\000M\000u\000l\000t\000i\000p\000l\000i\000k\000a\000t\000i\000o\000n\000\040\000a\000v\000\040\000b\000r\000\345\000k}{subsection.1.3}% 6
\BOOKMARK [3][-]{subsubsection.1.3.3}{\376\377\000D\000i\000v\000i\000s\000i\000o\000n\000\040\000a\000v\000\040\000b\000r\000\345\000k}{subsection.1.3}% 7
\BOOKMARK [2][-]{subsection.1.4}{\376\377\000P\000o\000t\000e\000n\000s\000e\000r}{section.1}% 8
\BOOKMARK [3][-]{subsubsection.1.4.1}{\376\377\000P\000o\000t\000e\000n\000s\000r\000e\000g\000l\000e\000r}{subsection.1.4}% 9
\BOOKMARK [2][-]{subsection.1.5}{\376\377\000E\000k\000v\000a\000t\000i\000o\000n\000e\000r}{section.1}% 10
\BOOKMARK [2][-]{subsection.1.6}{\376\377\000P\000y\000t\000h\000a\000g\000o\000r\000a\000s\000\040\000S\000a\000t\000s}{section.1}% 11
\BOOKMARK [2][-]{subsection.1.7}{\376\377\000I\000n\000v\000e\000r\000s\000f\000u\000n\000k\000t\000i\000o\000n\000\040\000\050\000v\000i\000k\000t\000i\000g\000t\000\040\000t\000i\000l\000l\000\040\000l\000o\000g\000a\000r\000i\000t\000m\000e\000r\000\051}{section.1}% 12
\BOOKMARK [3][-]{subsubsection.1.7.1}{\376\377\000E\000x\000e\000m\000p\000e\000l}{subsection.1.7}% 13
\BOOKMARK [1][-]{section.2}{\376\377\000L\000i\000n\000j\000\344\000r\000a\000\040\000m\000o\000d\000e\000l\000l\000e\000r}{}% 14
\BOOKMARK [2][-]{subsection.2.1}{\376\377\000K\000o\000o\000r\000d\000i\000n\000a\000t\000s\000y\000s\000t\000e\000m}{section.2}% 15
\BOOKMARK [3][-]{subsubsection.2.1.1}{\376\377\000A\000v\000s\000t\000\345\000n\000d\000s\000f\000o\000r\000m\000e\000l\000n}{subsection.2.1}% 16
\BOOKMARK [3][-]{subsubsection.2.1.2}{\376\377\000M\000i\000t\000t\000p\000u\000n\000k\000t\000s\000f\000o\000r\000m\000e\000l\000n}{subsection.2.1}% 17
\BOOKMARK [2][-]{subsection.2.2}{\376\377\000F\000u\000n\000k\000t\000i\000o\000n}{section.2}% 18
\BOOKMARK [2][-]{subsection.2.3}{\376\377\000R\000\344\000t\000a\000\040\000l\000i\000n\000j\000e\000n\000s\000\040\000e\000k\000v\000a\000t\000i\000o\000n}{section.2}% 19
\BOOKMARK [2][-]{subsection.2.4}{\376\377\000E\000k\000v\000a\000t\000i\000o\000n\000s\000s\000y\000s\000t\000e\000m}{section.2}% 20
\BOOKMARK [3][-]{subsubsection.2.4.1}{\376\377\000S\000u\000b\000s\000t\000i\000t\000u\000t\000i\000o\000n\000s\000m\000e\000t\000o\000d\000e\000n}{subsection.2.4}% 21
\BOOKMARK [3][-]{subsubsection.2.4.2}{\376\377\000A\000d\000d\000i\000t\000i\000o\000n\000s\000m\000e\000t\000o\000d\000e\000n}{subsection.2.4}% 22
\BOOKMARK [2][-]{subsection.2.5}{\376\377\000E\000x\000p\000o\000n\000e\000n\000t\000i\000a\000l\000f\000u\000n\000k\000t\000i\000o\000n}{section.2}% 23
\BOOKMARK [1][-]{section.3}{\376\377\000I\000c\000k\000e\000l\000i\000n\000j\000\344\000r\000a\000\040\000m\000o\000d\000e\000l\000l\000e\000r}{}% 24
\BOOKMARK [2][-]{subsection.3.1}{\376\377\000K\000o\000n\000j\000u\000g\000a\000t\000\040\000o\000c\000h\000\040\000k\000v\000a\000d\000r\000e\000r\000i\000n\000g\000s\000r\000e\000g\000l\000e\000r\000n\000a}{section.3}% 25
\BOOKMARK [2][-]{subsection.3.2}{\376\377\000P\000o\000l\000y\000n\000o\000m}{section.3}% 26
\BOOKMARK [3][-]{subsubsection.3.2.1}{}{subsection.3.2}% 27
\BOOKMARK [2][-]{subsection.3.3}{\376\377\000E\000x\000p\000o\000n\000e\000n\000t\000i\000a\000l\000f\000u\000n\000k\000t\000i\000o\000n}{section.3}% 28
\BOOKMARK [3][-]{subsubsection.3.3.1}{\376\377\000E\000x\000p\000o\000n\000e\000n\000t\000i\000a\000l\000m\000o\000d\000e\000l\000l\000e\000r}{subsection.3.3}% 29
\BOOKMARK [2][-]{subsection.3.4}{\376\377\000L\000o\000g\000a\000r\000i\000t\000m}{section.3}% 30
\BOOKMARK [3][-]{subsubsection.3.4.1}{\376\377\000L\000o\000g\000a\000r\000i\000t\000m\000l\000a\000g\000a\000r}{subsection.3.4}% 31
\BOOKMARK [1][-]{section.4}{\376\377\000S\000t\000a\000t\000i\000s\000t\000i\000k}{}% 32
